<?xml version="1.0" encoding="UTF-8"?>
<!-- Generated by org.testng.reporters.JUnitReportReporter -->
<testsuite hostname="MY-PC" failures="0" tests="2" name="qaclickacademy.Mavenjava.AppiumTest" time="0.002" errors="0" timestamp="2021-06-25T17:33:52 IST" skipped="0">
  <testcase classname="qaclickacademy.Mavenjava.AppiumTest" name="iosApp" time="0.001"/>
  <system-out/>
  <testcase classname="qaclickacademy.Mavenjava.AppiumTest" name="androidApp" time="0.001"/>
  <system-out/>
</testsuite> <!-- qaclickacademy.Mavenjava.AppiumTest -->
